2025-02-11 19:43:50,578 - WARNING - Some characters could not be decoded, and were replaced with REPLACEMENT CHARACTER.
2025-02-11 19:43:50,605 - ERROR - Error fetching data from https://www.business-standard.com/markets/mutual-fund: 403 Client Error: Forbidden for url: https://www.business-standard.com/markets/mutual-fund
2025-02-11 19:43:50,625 - ERROR - Error fetching data from https://www.business-standard.com/markets/news: 403 Client Error: Forbidden for url: https://www.business-standard.com/markets/news
2025-02-11 19:43:50,835 - ERROR - Error fetching data from https://www.moneycontrol.com/news/business/companies/: 403 Client Error: Forbidden for url: https://www.moneycontrol.com/news/business/companies/
2025-02-11 19:43:50,854 - ERROR - Error fetching data from https://www.moneycontrol.com/news/business/stocks/: 403 Client Error: Forbidden for url: https://www.moneycontrol.com/news/business/stocks/
2025-02-11 19:43:50,876 - ERROR - Error fetching data from https://www.business-standard.com/markets/capital-market-news: 403 Client Error: Forbidden for url: https://www.business-standard.com/markets/capital-market-news
2025-02-11 19:43:50,876 - INFO - Scraping process completed.
2025-02-11 19:51:17,226 - INFO - Starting news scraping process...
2025-02-11 19:51:17,370 - ERROR - Error fetching data from https://www.business-standard.com/markets/news: 403 Client Error: Forbidden for url: https://www.business-standard.com/markets/news
2025-02-11 19:51:17,402 - ERROR - Error fetching data from https://www.moneycontrol.com/news/business/stocks/: 403 Client Error: Forbidden for url: https://www.moneycontrol.com/news/business/stocks/
2025-02-11 19:51:17,422 - ERROR - Error fetching data from https://www.business-standard.com/markets/capital-market-news: 403 Client Error: Forbidden for url: https://www.business-standard.com/markets/capital-market-news
2025-02-11 19:51:18,853 - WARNING - Some characters could not be decoded, and were replaced with REPLACEMENT CHARACTER.
2025-02-11 19:51:18,879 - ERROR - Error fetching data from https://www.business-standard.com/topic/ipos: 403 Client Error: Forbidden for url: https://www.business-standard.com/topic/ipos
2025-02-11 19:51:18,899 - ERROR - Error fetching data from https://www.business-standard.com/markets/mutual-fund: 403 Client Error: Forbidden for url: https://www.business-standard.com/markets/mutual-fund
2025-02-11 19:51:19,285 - WARNING - Some characters could not be decoded, and were replaced with REPLACEMENT CHARACTER.
2025-02-11 19:51:19,335 - ERROR - Error fetching data from https://www.moneycontrol.com/news/business/companies/: 403 Client Error: Forbidden for url: https://www.moneycontrol.com/news/business/companies/
2025-02-11 19:51:19,335 - INFO - Scraping process completed.
2025-02-11 19:58:52,196 - INFO - Starting news scraping process...
2025-02-11 19:58:52,360 - ERROR - Error fetching data from https://www.moneycontrol.com/news/business/companies/: 403 Client Error: Forbidden for url: https://www.moneycontrol.com/news/business/companies/
2025-02-11 19:58:52,446 - ERROR - Error fetching data from https://www.business-standard.com/markets/mutual-fund: 403 Client Error: Forbidden for url: https://www.business-standard.com/markets/mutual-fund
2025-02-11 19:58:52,479 - ERROR - Error fetching data from https://www.moneycontrol.com/news/business/stocks/: 403 Client Error: Forbidden for url: https://www.moneycontrol.com/news/business/stocks/
2025-02-11 19:58:52,513 - ERROR - Error fetching data from https://www.business-standard.com/markets/news: 403 Client Error: Forbidden for url: https://www.business-standard.com/markets/news
2025-02-11 19:58:53,875 - WARNING - Some characters could not be decoded, and were replaced with REPLACEMENT CHARACTER.
2025-02-11 19:58:53,925 - ERROR - Error fetching data from https://www.business-standard.com/topic/ipos: 403 Client Error: Forbidden for url: https://www.business-standard.com/topic/ipos
2025-02-11 19:58:54,283 - WARNING - Some characters could not be decoded, and were replaced with REPLACEMENT CHARACTER.
2025-02-11 19:58:54,317 - ERROR - Error fetching data from https://www.business-standard.com/markets/capital-market-news: 403 Client Error: Forbidden for url: https://www.business-standard.com/markets/capital-market-news
2025-02-11 19:58:54,318 - INFO - Scraping process completed.
2025-02-11 20:19:54,357 - INFO - Starting news scraping process...
2025-02-11 20:19:54,415 - ERROR - Error fetching data from https://www.business-standard.com/markets/capital-market-news: 403 Client Error: Forbidden for url: https://www.business-standard.com/markets/capital-market-news
2025-02-11 20:19:54,568 - ERROR - Error fetching data from https://www.moneycontrol.com/news/business/companies/: 403 Client Error: Forbidden for url: https://www.moneycontrol.com/news/business/companies/
2025-02-11 20:19:54,591 - ERROR - Error fetching data from https://www.business-standard.com/markets/mutual-fund: 403 Client Error: Forbidden for url: https://www.business-standard.com/markets/mutual-fund
2025-02-11 20:19:56,291 - WARNING - Some characters could not be decoded, and were replaced with REPLACEMENT CHARACTER.
2025-02-11 20:19:56,324 - ERROR - Error fetching data from https://www.moneycontrol.com/news/business/stocks/: 403 Client Error: Forbidden for url: https://www.moneycontrol.com/news/business/stocks/
2025-02-11 20:19:56,360 - ERROR - Error fetching data from https://www.business-standard.com/topic/ipos: 403 Client Error: Forbidden for url: https://www.business-standard.com/topic/ipos
2025-02-11 20:19:56,393 - ERROR - Error fetching data from https://www.business-standard.com/markets/news: 403 Client Error: Forbidden for url: https://www.business-standard.com/markets/news
2025-02-11 20:19:56,770 - WARNING - Some characters could not be decoded, and were replaced with REPLACEMENT CHARACTER.
2025-02-11 20:19:56,774 - INFO - Scraping process completed.
2025-02-11 20:32:00,100 - INFO - Starting news scraping process...
2025-02-11 20:32:00,225 - ERROR - Error fetching data from https://www.business-standard.com/markets/mutual-fund: 403 Client Error: Forbidden for url: https://www.business-standard.com/markets/mutual-fund
2025-02-11 20:32:00,327 - ERROR - Error fetching data from https://www.moneycontrol.com/news/business/companies/: 403 Client Error: Forbidden for url: https://www.moneycontrol.com/news/business/companies/
2025-02-11 20:32:00,360 - ERROR - Error fetching data from https://www.moneycontrol.com/news/business/stocks/: 403 Client Error: Forbidden for url: https://www.moneycontrol.com/news/business/stocks/
2025-02-11 20:32:00,388 - ERROR - Error fetching data from https://www.business-standard.com/markets/capital-market-news: 403 Client Error: Forbidden for url: https://www.business-standard.com/markets/capital-market-news
2025-02-11 20:32:02,138 - WARNING - Some characters could not be decoded, and were replaced with REPLACEMENT CHARACTER.
2025-02-11 20:32:02,191 - ERROR - Error fetching data from https://www.business-standard.com/topic/ipos: 403 Client Error: Forbidden for url: https://www.business-standard.com/topic/ipos
2025-02-11 20:32:02,549 - WARNING - Some characters could not be decoded, and were replaced with REPLACEMENT CHARACTER.
2025-02-11 20:32:02,721 - ERROR - Error fetching data from https://www.business-standard.com/markets/news: 403 Client Error: Forbidden for url: https://www.business-standard.com/markets/news
2025-02-11 20:32:02,721 - INFO - Scraping process completed.
2025-02-11 20:41:00,396 - INFO - Starting news scraping process...
2025-02-11 20:41:00,626 - ERROR - Error fetching data from https://www.business-standard.com/markets/news: 403 Client Error: Forbidden for url: https://www.business-standard.com/markets/news
2025-02-11 20:41:02,428 - WARNING - Some characters could not be decoded, and were replaced with REPLACEMENT CHARACTER.
2025-02-11 20:41:02,831 - ERROR - Error fetching data from https://www.moneycontrol.com/news/business/stocks/: 403 Client Error: Forbidden for url: https://www.moneycontrol.com/news/business/stocks/
2025-02-11 20:41:02,914 - ERROR - Error fetching data from https://www.moneycontrol.com/news/business/companies/: 403 Client Error: Forbidden for url: https://www.moneycontrol.com/news/business/companies/
2025-02-11 20:41:02,959 - ERROR - Error fetching data from https://www.business-standard.com/markets/mutual-fund: 403 Client Error: Forbidden for url: https://www.business-standard.com/markets/mutual-fund
2025-02-11 20:41:02,979 - ERROR - Error fetching data from https://www.business-standard.com/topic/ipos: 403 Client Error: Forbidden for url: https://www.business-standard.com/topic/ipos
2025-02-11 20:41:03,325 - WARNING - Some characters could not be decoded, and were replaced with REPLACEMENT CHARACTER.
2025-02-11 20:41:03,356 - ERROR - Error fetching data from https://www.business-standard.com/markets/capital-market-news: 403 Client Error: Forbidden for url: https://www.business-standard.com/markets/capital-market-news
2025-02-11 20:41:03,357 - INFO - Scraping process completed.
2025-02-11 20:48:50,676 - INFO - Starting news scraping process...
2025-02-11 20:48:52,295 - WARNING - Some characters could not be decoded, and were replaced with REPLACEMENT CHARACTER.
2025-02-11 20:48:52,775 - WARNING - Some characters could not be decoded, and were replaced with REPLACEMENT CHARACTER.
2025-02-11 20:48:52,826 - ERROR - Error fetching data from https://www.business-standard.com/markets/mutual-fund: 403 Client Error: Forbidden for url: https://www.business-standard.com/markets/mutual-fund
2025-02-11 20:48:52,848 - ERROR - Error fetching data from https://www.business-standard.com/markets/capital-market-news: 403 Client Error: Forbidden for url: https://www.business-standard.com/markets/capital-market-news
2025-02-11 20:48:52,920 - ERROR - Error fetching data from https://www.moneycontrol.com/news/business/companies/: 403 Client Error: Forbidden for url: https://www.moneycontrol.com/news/business/companies/
2025-02-11 20:48:52,964 - ERROR - Error fetching data from https://www.business-standard.com/markets/news: 403 Client Error: Forbidden for url: https://www.business-standard.com/markets/news
2025-02-11 20:48:53,001 - ERROR - Error fetching data from https://www.business-standard.com/topic/ipos: 403 Client Error: Forbidden for url: https://www.business-standard.com/topic/ipos
2025-02-11 20:48:53,021 - ERROR - Error fetching data from https://www.moneycontrol.com/news/business/stocks/: 403 Client Error: Forbidden for url: https://www.moneycontrol.com/news/business/stocks/
2025-02-11 20:48:53,022 - INFO - Scraping process completed.
2025-02-11 20:56:29,062 - INFO - Starting news scraping process...
2025-02-11 20:56:29,308 - ERROR - Error fetching data from https://www.business-standard.com/markets/capital-market-news: 403 Client Error: Forbidden for url: https://www.business-standard.com/markets/capital-market-news
2025-02-11 20:56:29,355 - ERROR - Error fetching data from https://www.business-standard.com/markets/news: 403 Client Error: Forbidden for url: https://www.business-standard.com/markets/news
2025-02-11 20:56:29,379 - ERROR - Error fetching data from https://www.business-standard.com/markets/mutual-fund: 403 Client Error: Forbidden for url: https://www.business-standard.com/markets/mutual-fund
2025-02-11 20:56:29,573 - ERROR - Error fetching data from https://www.moneycontrol.com/news/business/companies/: 403 Client Error: Forbidden for url: https://www.moneycontrol.com/news/business/companies/
2025-02-11 20:56:29,674 - ERROR - Error fetching data from https://www.business-standard.com/topic/ipos: 403 Client Error: Forbidden for url: https://www.business-standard.com/topic/ipos
2025-02-11 20:56:29,717 - ERROR - Error fetching data from https://www.moneycontrol.com/news/business/stocks/: 403 Client Error: Forbidden for url: https://www.moneycontrol.com/news/business/stocks/
2025-02-11 20:56:34,152 - WARNING - Some characters could not be decoded, and were replaced with REPLACEMENT CHARACTER.
2025-02-11 20:56:34,468 - WARNING - Some characters could not be decoded, and were replaced with REPLACEMENT CHARACTER.
2025-02-11 20:56:34,473 - INFO - Scraping process completed.
2025-02-11 21:13:01,134 - INFO - Starting news scraping process...
2025-02-11 21:13:01,290 - ERROR - Error fetching data from https://www.moneycontrol.com/news/business/stocks/: 403 Client Error: Forbidden for url: https://www.moneycontrol.com/news/business/stocks/
2025-02-11 21:13:01,434 - ERROR - Error fetching data from https://www.business-standard.com/markets/news: 403 Client Error: Forbidden for url: https://www.business-standard.com/markets/news
2025-02-11 21:13:01,536 - ERROR - Error fetching data from https://www.business-standard.com/markets/mutual-fund: 403 Client Error: Forbidden for url: https://www.business-standard.com/markets/mutual-fund
2025-02-11 21:13:03,186 - WARNING - Some characters could not be decoded, and were replaced with REPLACEMENT CHARACTER.
2025-02-11 21:13:03,287 - ERROR - Error fetching data from https://www.business-standard.com/topic/ipos: 403 Client Error: Forbidden for url: https://www.business-standard.com/topic/ipos
2025-02-11 21:13:03,654 - WARNING - Some characters could not be decoded, and were replaced with REPLACEMENT CHARACTER.
2025-02-11 21:13:03,762 - ERROR - Error fetching data from https://www.business-standard.com/markets/capital-market-news: 403 Client Error: Forbidden for url: https://www.business-standard.com/markets/capital-market-news
2025-02-11 21:13:03,804 - ERROR - Error fetching data from https://www.moneycontrol.com/news/business/companies/: 403 Client Error: Forbidden for url: https://www.moneycontrol.com/news/business/companies/
2025-02-11 21:13:03,804 - INFO - Scraping process completed.
2025-02-11 21:26:21,157 - INFO - Starting news scraping process...
2025-02-11 21:26:21,299 - ERROR - Error fetching data from https://www.business-standard.com/topic/ipos: 403 Client Error: Forbidden for url: https://www.business-standard.com/topic/ipos
2025-02-11 21:26:21,416 - ERROR - Error fetching data from https://www.moneycontrol.com/news/business/companies/: 403 Client Error: Forbidden for url: https://www.moneycontrol.com/news/business/companies/
2025-02-11 21:26:21,439 - ERROR - Error fetching data from https://www.moneycontrol.com/news/business/stocks/: 403 Client Error: Forbidden for url: https://www.moneycontrol.com/news/business/stocks/
2025-02-11 21:26:23,277 - WARNING - Some characters could not be decoded, and were replaced with REPLACEMENT CHARACTER.
2025-02-11 21:26:23,311 - ERROR - Error fetching data from https://www.business-standard.com/markets/capital-market-news: 403 Client Error: Forbidden for url: https://www.business-standard.com/markets/capital-market-news
2025-02-11 21:26:23,581 - WARNING - Some characters could not be decoded, and were replaced with REPLACEMENT CHARACTER.
2025-02-11 21:26:23,607 - ERROR - Error fetching data from https://www.business-standard.com/markets/news: 403 Client Error: Forbidden for url: https://www.business-standard.com/markets/news
2025-02-11 21:26:23,631 - ERROR - Error fetching data from https://www.business-standard.com/markets/mutual-fund: 403 Client Error: Forbidden for url: https://www.business-standard.com/markets/mutual-fund
2025-02-11 21:26:23,632 - INFO - Scraping process completed.
2025-02-11 21:35:01,196 - INFO - Starting news scraping process...
2025-02-11 21:35:01,398 - ERROR - Error fetching data from https://www.moneycontrol.com/news/business/stocks/: 403 Client Error: Forbidden for url: https://www.moneycontrol.com/news/business/stocks/
2025-02-11 21:35:01,501 - ERROR - Error fetching data from https://www.moneycontrol.com/news/business/companies/: 403 Client Error: Forbidden for url: https://www.moneycontrol.com/news/business/companies/
2025-02-11 21:35:02,731 - WARNING - Some characters could not be decoded, and were replaced with REPLACEMENT CHARACTER.
2025-02-11 21:35:05,305 - WARNING - Some characters could not be decoded, and were replaced with REPLACEMENT CHARACTER.
2025-02-11 21:35:05,477 - ERROR - Error fetching data from https://www.business-standard.com/markets/news: 403 Client Error: Forbidden for url: https://www.business-standard.com/markets/news
2025-02-11 21:35:05,502 - ERROR - Error fetching data from https://www.business-standard.com/topic/ipos: 403 Client Error: Forbidden for url: https://www.business-standard.com/topic/ipos
2025-02-11 21:35:05,538 - ERROR - Error fetching data from https://www.business-standard.com/markets/mutual-fund: 403 Client Error: Forbidden for url: https://www.business-standard.com/markets/mutual-fund
2025-02-11 21:35:05,599 - ERROR - Error fetching data from https://www.business-standard.com/markets/capital-market-news: 403 Client Error: Forbidden for url: https://www.business-standard.com/markets/capital-market-news
2025-02-11 21:35:05,600 - INFO - Scraping process completed.
